  REr2.cpp
C:\Users\dawid\source\repos\REr2\REr2\REr2.cpp(17,9): warning C4616: #pragma warning: warning number '2360' not a valid compiler warning
C:\Users\dawid\source\repos\REr2\REr2\REr2.cpp(18,9): warning C4616: #pragma warning: warning number '2361' not a valid compiler warning
C:\Users\dawid\source\repos\REr2\REr2\REr2.cpp(81,55): warning C4267: 'argument': conversion from 'size_t' to 'int', possible loss of data
C:\Users\dawid\source\repos\REr2\REr2\REr2.cpp(100,62): warning C4267: 'argument': conversion from 'size_t' to 'int', possible loss of data
C:\Users\dawid\source\repos\REr2\REr2\REr2.cpp(257,86): warning C4267: 'argument': conversion from 'size_t' to 'DWORD', possible loss of data
C:\Users\dawid\source\repos\REr2\REr2\REr2.cpp(278,11): warning C4101: 'pszOutBuffer': unreferenced local variable
C:\Program Files\Microsoft Visual Studio\2022\Community\VC\Tools\MSVC\14.36.32532\include\xstring(2765,53): warning C4244: 'argument': conversion from 'wchar_t' to 'const _Elem', possible loss of data
          with
          [
              _Elem=char
          ]
C:\Program Files\Microsoft Visual Studio\2022\Community\VC\Tools\MSVC\14.36.32532\include\xstring(2621,17): message : see reference to function template instantiation 'void std::basic_string<char,std::char_traits<char>,std::allocator<char>>::_Construct_from_iter<wchar_t*,wchar_t*,_Size_type>(_Iter,const _Sent,_Size)' being compiled
          with
          [
              _Size_type=unsigned __int64,
              _Iter=wchar_t *,
              _Sent=wchar_t *,
              _Size=unsigned __int64
          ]
C:\Users\dawid\source\repos\REr2\REr2\REr2.cpp(283,49): message : see reference to function template instantiation 'std::basic_string<char,std::char_traits<char>,std::allocator<char>>::basic_string<std::_String_iterator<std::_String_val<std::_Simple_types<_Elem>>>,0>(_Iter,_Iter,const _Alloc &)' being compiled
          with
          [
              _Elem=wchar_t,
              _Iter=std::_String_iterator<std::_String_val<std::_Simple_types<wchar_t>>>,
              _Alloc=std::allocator<char>
          ]
C:\Users\dawid\source\repos\REr2\REr2\REr2.cpp(283,29): message : see the first reference to 'std::basic_string<char,std::char_traits<char>,std::allocator<char>>::basic_string' in 'sendToHttpServer'
  REr2.vcxproj -> C:\Users\dawid\source\repos\REr2\x64\Debug\REr2.exe
